<?xml version="1.0" encoding="UTF-8"?>
<!-- Generated by org.testng.reporters.JUnitXMLReporter -->
<testsuite ignored="1" hostname="DESKTOP-GB3VIQ0" failures="0" tests="2" name="sanity" time="0.041" errors="0" timestamp="2024-08-10T12:38:25 CEST">
  <testcase classname="junitPackage.TestNgGroups" name="test1" time="0.007"/>
  <testcase classname="junitPackage.TestNgGroups" name="test2" time="0.001"/>
  <testcase classname="junitPackage.TestNgGroups" name="test3" time="0.0">
    <ignored/>
  </testcase> <!-- test3 -->
</testsuite> <!-- sanity -->
